{"/Users/admin/Desktop/me/npm-package/botjs/src/bot.ts": {"path":"/Users/admin/Desktop/me/npm-package/botjs/src/bot.ts","statementMap":{"0":{"start":{"line":1,"column":0},"end":{"line":1,"column":49}},"1":{"start":{"line":2,"column":0},"end":{"line":2,"column":25}},"2":{"start":{"line":3,"column":0},"end":{"line":3,"column":51}},"3":{"start":{"line":4,"column":0},"end":{"line":4,"column":21}},"4":{"start":{"line":5,"column":0},"end":{"line":5,"column":49}},"5":{"start":{"line":11,"column":4},"end":{"line":11,"column":null}},"6":{"start":{"line":16,"column":4},"end":{"line":16,"column":null}},"7":{"start":{"line":16,"column":36},"end":{"line":16,"column":59}},"8":{"start":{"line":25,"column":20},"end":{"line":25,"column":73}},"9":{"start":{"line":27,"column":4},"end":{"line":46,"column":null}},"10":{"start":{"line":28,"column":6},"end":{"line":32,"column":null}},"11":{"start":{"line":29,"column":22},"end":{"line":29,"column":55}},"12":{"start":{"line":30,"column":8},"end":{"line":30,"column":null}},"13":{"start":{"line":31,"column":8},"end":{"line":31,"column":null}},"14":{"start":{"line":34,"column":6},"end":{"line":34,"column":null}},"15":{"start":{"line":35,"column":23},"end":{"line":35,"column":42}},"16":{"start":{"line":36,"column":6},"end":{"line":36,"column":null}},"17":{"start":{"line":38,"column":6},"end":{"line":40,"column":null}},"18":{"start":{"line":39,"column":8},"end":{"line":39,"column":null}},"19":{"start":{"line":42,"column":6},"end":{"line":42,"column":null}},"20":{"start":{"line":44,"column":6},"end":{"line":44,"column":null}},"21":{"start":{"line":45,"column":6},"end":{"line":45,"column":null}},"22":{"start":{"line":51,"column":4},"end":{"line":51,"column":null}},"23":{"start":{"line":52,"column":23},"end":{"line":52,"column":27}},"24":{"start":{"line":53,"column":4},"end":{"line":56,"column":null}},"25":{"start":{"line":53,"column":17},"end":{"line":53,"column":19}},"26":{"start":{"line":54,"column":6},"end":{"line":54,"column":null}},"27":{"start":{"line":55,"column":6},"end":{"line":55,"column":null}},"28":{"start":{"line":57,"column":4},"end":{"line":57,"column":null}},"29":{"start":{"line":61,"column":4},"end":{"line":61,"column":null}},"30":{"start":{"line":65,"column":4},"end":{"line":65,"column":null}},"31":{"start":{"line":69,"column":4},"end":{"line":69,"column":null}},"32":{"start":{"line":74,"column":4},"end":{"line":74,"column":null}},"33":{"start":{"line":74,"column":29},"end":{"line":74,"column":null}},"34":{"start":{"line":76,"column":20},"end":{"line":76,"column":43}},"35":{"start":{"line":77,"column":4},"end":{"line":79,"column":null}},"36":{"start":{"line":83,"column":0},"end":{"line":83,"column":null}}},"fnMap":{"0":{"name":"(anonymous_7)","decl":{"start":{"line":10,"column":2},"end":{"line":10,"column":14}},"loc":{"start":{"line":10,"column":28},"end":{"line":12,"column":3}}},"1":{"name":"(anonymous_8)","decl":{"start":{"line":15,"column":16},"end":{"line":15,"column":20}},"loc":{"start":{"line":15,"column":31},"end":{"line":17,"column":null}}},"2":{"name":"(anonymous_10)","decl":{"start":{"line":16,"column":23},"end":{"line":16,"column":24}},"loc":{"start":{"line":16,"column":36},"end":{"line":16,"column":59}}},"3":{"name":"(anonymous_11)","decl":{"start":{"line":20,"column":8},"end":{"line":20,"column":19}},"loc":{"start":{"line":23,"column":26},"end":{"line":47,"column":null}}},"4":{"name":"(anonymous_13)","decl":{"start":{"line":50,"column":16},"end":{"line":50,"column":25}},"loc":{"start":{"line":50,"column":36},"end":{"line":58,"column":null}}},"5":{"name":"(anonymous_15)","decl":{"start":{"line":60,"column":2},"end":{"line":60,"column":11}},"loc":{"start":{"line":60,"column":26},"end":{"line":62,"column":3}}},"6":{"name":"(anonymous_16)","decl":{"start":{"line":64,"column":2},"end":{"line":64,"column":10}},"loc":{"start":{"line":64,"column":24},"end":{"line":66,"column":3}}},"7":{"name":"(anonymous_17)","decl":{"start":{"line":68,"column":2},"end":{"line":68,"column":12}},"loc":{"start":{"line":68,"column":28},"end":{"line":70,"column":3}}},"8":{"name":"(anonymous_18)","decl":{"start":{"line":73,"column":10},"end":{"line":73,"column":26}},"loc":{"start":{"line":73,"column":50},"end":{"line":80,"column":3}}}},"branchMap":{"0":{"loc":{"start":{"line":23,"column":4},"end":{"line":23,"column":26}},"type":"default-arg","locations":[{"start":{"line":23,"column":25},"end":{"line":23,"column":26}}]},"1":{"loc":{"start":{"line":28,"column":6},"end":{"line":32,"column":null}},"type":"if","locations":[{"start":{"line":28,"column":6},"end":{"line":32,"column":null}}]},"2":{"loc":{"start":{"line":38,"column":6},"end":{"line":40,"column":null}},"type":"if","locations":[{"start":{"line":38,"column":6},"end":{"line":40,"column":null}}]},"3":{"loc":{"start":{"line":74,"column":4},"end":{"line":74,"column":null}},"type":"if","locations":[{"start":{"line":74,"column":4},"end":{"line":74,"column":null}}]},"4":{"loc":{"start":{"line":74,"column":8},"end":{"line":74,"column":27}},"type":"binary-expr","locations":[{"start":{"line":74,"column":8},"end":{"line":74,"column":19}},{"start":{"line":74,"column":23},"end":{"line":74,"column":27}}]},"5":{"loc":{"start":{"line":77,"column":11},"end":{"line":79,"column":38}},"type":"cond-expr","locations":[{"start":{"line":78,"column":8},"end":{"line":78,"column":39}},{"start":{"line":79,"column":8},"end":{"line":79,"column":38}}]}},"s":{"0":0,"1":0,"2":0,"3":0,"4":0,"5":0,"6":0,"7":0,"8":0,"9":0,"10":0,"11":0,"12":0,"13":0,"14":0,"15":0,"16":0,"17":0,"18":0,"19":0,"20":0,"21":0,"22":0,"23":0,"24":0,"25":0,"26":0,"27":0,"28":0,"29":0,"30":0,"31":0,"32":0,"33":0,"34":0,"35":0,"36":0},"f":{"0":0,"1":0,"2":0,"3":0,"4":0,"5":0,"6":0,"7":0,"8":0},"b":{"0":[0],"1":[0],"2":[0],"3":[0],"4":[0,0],"5":[0,0]}}
,"/Users/admin/Desktop/me/npm-package/botjs/src/index.ts": {"path":"/Users/admin/Desktop/me/npm-package/botjs/src/index.ts","statementMap":{"0":{"start":{"line":1,"column":0},"end":{"line":1,"column":7}},"1":{"start":{"line":4,"column":9},"end":{"line":1,"column":26}}},"fnMap":{},"branchMap":{},"s":{"0":0,"1":0},"f":{},"b":{}}
}
